<?xml version="1.0" encoding="UTF-8"?>
<!-- Generated by org.testng.reporters.JUnitReportReporter -->
<testsuite hostname="Vinay-DELL" failures="0" tests="1" name="logIn.DWS_Desktop_05_Test" time="16.131" errors="0" timestamp="2023-11-01T13:30:04 IST" skipped="0">
  <testcase classname="logIn.DWS_Desktop_05_Test" name="Add_two_product_to_compare_and_check" time="16.131"/>
</testsuite> <!-- logIn.DWS_Desktop_05_Test -->
