<?xml version="1.0" encoding="UTF-8"?>
<!-- Generated by org.testng.reporters.JUnitReportReporter -->
<testsuite hostname="Vinay-DELL" failures="0" tests="1" name="jewelry.DWS_Jewelry_10_Test" time="5.254" errors="0" timestamp="2023-11-02T14:49:21 IST" skipped="0">
  <testcase classname="jewelry.DWS_Jewelry_10_Test" name="Add_product_to_wishlist_and_remove_from_wishlist" time="5.254"/>
</testsuite> <!-- jewelry.DWS_Jewelry_10_Test -->
