<?xml version="1.0" encoding="UTF-8"?>
<!-- Generated by org.testng.reporters.JUnitReportReporter -->
<testsuite hostname="Vinay-DELL" failures="0" tests="1" name="books.DWS_Books_04_Test" time="4.243" errors="0" timestamp="2023-11-02T14:47:08 IST" skipped="0">
  <testcase classname="books.DWS_Books_04_Test" name="Add_a_book_to_the_cart" time="4.243"/>
</testsuite> <!-- books.DWS_Books_04_Test -->
