<?xml version="1.0" encoding="UTF-8"?>
<!-- Generated by org.testng.reporters.JUnitReportReporter -->
<testsuite hostname="Vinay-DELL" failures="0" tests="2" name="frameWorkChecks.ExcelCheck" time="0.036" errors="0" timestamp="2023-10-28T10:44:06 IST" skipped="0">
  <testcase classname="frameWorkChecks.ExcelCheck" name="readingTheData" time="0.003"/>
  <testcase classname="frameWorkChecks.ExcelCheck" name="readingTheData" time="0.033"/>
</testsuite> <!-- frameWorkChecks.ExcelCheck -->
