<?xml version="1.0" encoding="UTF-8"?>
<!-- Generated by org.testng.reporters.JUnitReportReporter -->
<testsuite hostname="Vinay-DELL" failures="0" tests="1" name="logIn.DWS_Register_02_Test" time="9.289" errors="0" timestamp="2023-11-02T15:11:24 IST" skipped="0">
  <testcase classname="logIn.DWS_Register_02_Test" name="Register_to_the_application_with_Valid_details" time="9.289"/>
</testsuite> <!-- logIn.DWS_Register_02_Test -->
