<?xml version="1.0" encoding="UTF-8"?>
<!-- Generated by org.testng.reporters.JUnitReportReporter -->
<testsuite hostname="Vinay-DELL" failures="0" tests="1" name="logIn.DWS_Features_Products_03_Test" time="1.481" errors="0" timestamp="2023-11-02T14:47:08 IST" skipped="0">
  <testcase classname="logIn.DWS_Features_Products_03_Test" name="Add_product_to_cart_and_check_in_cart" time="1.481"/>
</testsuite> <!-- logIn.DWS_Features_Products_03_Test -->
