<?xml version="1.0" encoding="UTF-8"?>
<!-- Generated by org.testng.reporters.JUnitReportReporter -->
<testsuite hostname="Vinay-DELL" failures="0" tests="1" name="jewelry.DWS_Jewelry_07_Test" time="3.366" errors="0" timestamp="2023-11-02T14:49:21 IST" skipped="0">
  <testcase classname="jewelry.DWS_Jewelry_07_Test" name="Filter_the_products_and_check_that_accordingly" time="3.366"/>
</testsuite> <!-- jewelry.DWS_Jewelry_07_Test -->
