<?xml version="1.0" encoding="UTF-8"?>
<!-- Generated by org.testng.reporters.JUnitReportReporter -->
<testsuite hostname="Vinay-DELL" failures="0" tests="1" name="jewelry.DWS_Jewelry_09_Test" time="7.146" errors="0" timestamp="2023-11-02T14:47:08 IST" skipped="0">
  <testcase classname="jewelry.DWS_Jewelry_09_Test" name="Add_product_to_wishlist_and_check_it_is_added" time="7.146"/>
</testsuite> <!-- jewelry.DWS_Jewelry_09_Test -->
