<?xml version="1.0" encoding="UTF-8"?>
<!-- Generated by org.testng.reporters.JUnitReportReporter -->
<testsuite hostname="Vinay-DELL" failures="0" tests="1" name="logIn.DWS_Desktop_06_Test" time="11.167" errors="0" timestamp="2023-11-01T13:46:28 IST" skipped="0">
  <testcase classname="logIn.DWS_Desktop_06_Test" name="Add_product_to_compare_and_remove_them" time="11.167"/>
</testsuite> <!-- logIn.DWS_Desktop_06_Test -->
