<?xml version="1.0" encoding="UTF-8"?>
<!-- Generated by org.testng.reporters.JUnitReportReporter -->
<testsuite hostname="Vinay-DELL" failures="0" tests="1" name="computers.DWS_Desktop_05_Test" time="17.588" errors="0" timestamp="2023-11-02T14:47:08 IST" skipped="0">
  <testcase classname="computers.DWS_Desktop_05_Test" name="Add_two_product_to_compare_and_check" time="17.588"/>
</testsuite> <!-- computers.DWS_Desktop_05_Test -->
