<?xml version="1.0" encoding="UTF-8"?>
<!-- Generated by org.testng.reporters.JUnitReportReporter -->
<testsuite hostname="Vinay-DELL" failures="0" tests="1" name="computers.DWS_Desktop_06_Test" time="10.265" errors="0" timestamp="2023-11-02T14:49:21 IST" skipped="0">
  <testcase classname="computers.DWS_Desktop_06_Test" name="Add_product_to_compare_and_remove_them" time="10.265"/>
</testsuite> <!-- computers.DWS_Desktop_06_Test -->
